[debug] [2025-03-14T15:30:09.816Z] ----------------------------------------------------------------------
[debug] [2025-03-14T15:30:09.819Z] Command:       C:\Program Files\nodejs\node.exe C:\Users\HP LAPTOP\AppData\Roaming\npm\node_modules\firebase-tools\lib\bin\firebase.js init
[debug] [2025-03-14T15:30:09.820Z] CLI Version:   13.29.2
[debug] [2025-03-14T15:30:09.820Z] Platform:      win32
[debug] [2025-03-14T15:30:09.820Z] Node Version:  v18.18.1
[debug] [2025-03-14T15:30:09.822Z] Time:          Fri Mar 14 2025 12:30:09 GMT-0300 (hora estándar de Argentina)
[debug] [2025-03-14T15:30:09.822Z] ----------------------------------------------------------------------
[debug] 
[debug] [2025-03-14T15:30:09.827Z] >>> [apiv2][query] GET https://firebase-public.firebaseio.com/cli.json [none]
[debug] [2025-03-14T15:30:10.178Z] > command requires scopes: ["email","openid","https://www.googleapis.com/auth/cloudplatformprojects.readonly","https://www.googleapis.com/auth/firebase","https://www.googleapis.com/auth/cloud-platform"]
[debug] [2025-03-14T15:30:10.179Z] > authorizing via signed-in user (ignaciocastroplanas@gmail.com)
[info] 
     ######## #### ########  ######## ########     ###     ######  ########
     ##        ##  ##     ## ##       ##     ##  ##   ##  ##       ##
     ######    ##  ########  ######   ########  #########  ######  ######
     ##        ##  ##    ##  ##       ##     ## ##     ##       ## ##
     ##       #### ##     ## ######## ########  ##     ##  ######  ########

You're about to initialize a Firebase project in this directory:

  C:\Cursos\GitHub Projects\Portfolio 2024 Ignacio\portfolio_2024

Before we get started, keep in mind:

  * You are currently outside your home directory
  * You are initializing within an existing Firebase project directory

[debug] [2025-03-14T15:30:11.887Z] <<< [apiv2][status] GET https://firebase-public.firebaseio.com/cli.json 200
[debug] [2025-03-14T15:30:11.888Z] <<< [apiv2][body] GET https://firebase-public.firebaseio.com/cli.json {"cloudBuildErrorAfter":1594252800000,"cloudBuildWarnAfter":1590019200000,"defaultNode10After":1594252800000,"minVersion":"3.0.5","node8DeploysDisabledAfter":1613390400000,"node8RuntimeDisabledAfter":1615809600000,"node8WarnAfter":1600128000000}
[info] 
=== Project Setup
[info] 
[info] First, let's associate this project directory with a Firebase project.
[info] You can create multiple project aliases by running firebase use --add, 
[info] but for now we'll just set up a default project.
[info] 
[debug] [2025-03-14T15:30:19.656Z] Using project from CLI flag: portfolio-ignacio-castro
[debug] [2025-03-14T15:30:19.657Z] Checked if tokens are valid: false, expires at: 1741803364148
[debug] [2025-03-14T15:30:19.658Z] Checked if tokens are valid: false, expires at: 1741803364148
[debug] [2025-03-14T15:30:19.659Z] > refreshing access token with scopes: []
[debug] [2025-03-14T15:30:19.661Z] >>> [apiv2][query] POST https://www.googleapis.com/oauth2/v3/token [none]
[debug] [2025-03-14T15:30:19.661Z] >>> [apiv2][body] POST https://www.googleapis.com/oauth2/v3/token [omitted]
[debug] [2025-03-14T15:30:21.291Z] <<< [apiv2][status] POST https://www.googleapis.com/oauth2/v3/token 200
[debug] [2025-03-14T15:30:21.291Z] <<< [apiv2][body] POST https://www.googleapis.com/oauth2/v3/token [omitted]
[debug] [2025-03-14T15:30:21.356Z] >>> [apiv2][query] GET https://firebase.googleapis.com/v1beta1/projects/portfolio-ignacio-castro [none]
[debug] [2025-03-14T15:30:22.165Z] <<< [apiv2][status] GET https://firebase.googleapis.com/v1beta1/projects/portfolio-ignacio-castro 200
[debug] [2025-03-14T15:30:22.165Z] <<< [apiv2][body] GET https://firebase.googleapis.com/v1beta1/projects/portfolio-ignacio-castro {"projectId":"portfolio-ignacio-castro","projectNumber":"634176267267","displayName":"portfolio-ignacio-castro","name":"projects/portfolio-ignacio-castro","resources":{"hostingSite":"portfolio-ignacio-castro"},"state":"ACTIVE","etag":"1_de075184-d8da-4986-9c53-e8153a2705be"}
[info] i  Using project portfolio-ignacio-castro (portfolio-ignacio-castro) 
[info] 
=== Hosting Setup
[debug] [2025-03-14T15:30:22.227Z] Checked if tokens are valid: true, expires at: 1741969820291
[debug] [2025-03-14T15:30:22.227Z] Checked if tokens are valid: true, expires at: 1741969820291
[debug] [2025-03-14T15:30:22.227Z] >>> [apiv2][query] GET https://firebase.googleapis.com/v1beta1/projects/portfolio-ignacio-castro [none]
[debug] [2025-03-14T15:30:22.871Z] <<< [apiv2][status] GET https://firebase.googleapis.com/v1beta1/projects/portfolio-ignacio-castro 200
[debug] [2025-03-14T15:30:22.871Z] <<< [apiv2][body] GET https://firebase.googleapis.com/v1beta1/projects/portfolio-ignacio-castro {"projectId":"portfolio-ignacio-castro","projectNumber":"634176267267","displayName":"portfolio-ignacio-castro","name":"projects/portfolio-ignacio-castro","resources":{"hostingSite":"portfolio-ignacio-castro"},"state":"ACTIVE","etag":"1_de075184-d8da-4986-9c53-e8153a2705be"}
[info] 
[info] Your public directory is the folder (relative to your project directory) that
[info] will contain Hosting assets to be uploaded with firebase deploy. If you
[info] have a build process for your assets, use your build's output directory.
[info] 
[debug] [2025-03-14T15:31:42.541Z] ----------------------------------------------------------------------
[debug] [2025-03-14T15:31:42.544Z] Command:       C:\Program Files\nodejs\node.exe C:\Users\HP LAPTOP\AppData\Roaming\npm\node_modules\firebase-tools\lib\bin\firebase.js init hosting
[debug] [2025-03-14T15:31:42.545Z] CLI Version:   13.29.2
[debug] [2025-03-14T15:31:42.545Z] Platform:      win32
[debug] [2025-03-14T15:31:42.545Z] Node Version:  v18.18.1
[debug] [2025-03-14T15:31:42.546Z] Time:          Fri Mar 14 2025 12:31:42 GMT-0300 (hora estándar de Argentina)
[debug] [2025-03-14T15:31:42.547Z] ----------------------------------------------------------------------
[debug] 
[debug] [2025-03-14T15:31:42.796Z] > command requires scopes: ["email","openid","https://www.googleapis.com/auth/cloudplatformprojects.readonly","https://www.googleapis.com/auth/firebase","https://www.googleapis.com/auth/cloud-platform"]
[debug] [2025-03-14T15:31:42.796Z] > authorizing via signed-in user (ignaciocastroplanas@gmail.com)
[info] 
     ######## #### ########  ######## ########     ###     ######  ########
     ##        ##  ##     ## ##       ##     ##  ##   ##  ##       ##
     ######    ##  ########  ######   ########  #########  ######  ######
     ##        ##  ##    ##  ##       ##     ## ##     ##       ## ##
     ##       #### ##     ## ######## ########  ##     ##  ######  ########

You're about to initialize a Firebase project in this directory:

  C:\Cursos\GitHub Projects\Portfolio 2024 Ignacio\portfolio_2024

Before we get started, keep in mind:

  * You are currently outside your home directory
  * You are initializing within an existing Firebase project directory

[info] 
=== Project Setup
[info] 
[info] First, let's associate this project directory with a Firebase project.
[info] You can create multiple project aliases by running firebase use --add, 
[info] but for now we'll just set up a default project.
[info] 
[debug] [2025-03-14T15:31:42.857Z] Using project from CLI flag: portfolio-ignacio-castro
[debug] [2025-03-14T15:31:42.859Z] Checked if tokens are valid: true, expires at: 1741969820291
[debug] [2025-03-14T15:31:42.860Z] Checked if tokens are valid: true, expires at: 1741969820291
[debug] [2025-03-14T15:31:42.863Z] >>> [apiv2][query] GET https://firebase.googleapis.com/v1beta1/projects/portfolio-ignacio-castro [none]
[debug] [2025-03-14T15:31:44.596Z] <<< [apiv2][status] GET https://firebase.googleapis.com/v1beta1/projects/portfolio-ignacio-castro 200
[debug] [2025-03-14T15:31:44.596Z] <<< [apiv2][body] GET https://firebase.googleapis.com/v1beta1/projects/portfolio-ignacio-castro {"projectId":"portfolio-ignacio-castro","projectNumber":"634176267267","displayName":"portfolio-ignacio-castro","name":"projects/portfolio-ignacio-castro","resources":{"hostingSite":"portfolio-ignacio-castro"},"state":"ACTIVE","etag":"1_de075184-d8da-4986-9c53-e8153a2705be"}
[info] i  Using project portfolio-ignacio-castro (portfolio-ignacio-castro) 
[info] 
=== Hosting Setup
[debug] [2025-03-14T15:31:44.605Z] Checked if tokens are valid: true, expires at: 1741969820291
[debug] [2025-03-14T15:31:44.605Z] Checked if tokens are valid: true, expires at: 1741969820291
[debug] [2025-03-14T15:31:44.605Z] >>> [apiv2][query] GET https://firebase.googleapis.com/v1beta1/projects/portfolio-ignacio-castro [none]
[debug] [2025-03-14T15:31:45.169Z] <<< [apiv2][status] GET https://firebase.googleapis.com/v1beta1/projects/portfolio-ignacio-castro 200
[debug] [2025-03-14T15:31:45.170Z] <<< [apiv2][body] GET https://firebase.googleapis.com/v1beta1/projects/portfolio-ignacio-castro {"projectId":"portfolio-ignacio-castro","projectNumber":"634176267267","displayName":"portfolio-ignacio-castro","name":"projects/portfolio-ignacio-castro","resources":{"hostingSite":"portfolio-ignacio-castro"},"state":"ACTIVE","etag":"1_de075184-d8da-4986-9c53-e8153a2705be"}
[info] 
[info] Your public directory is the folder (relative to your project directory) that
[info] will contain Hosting assets to be uploaded with firebase deploy. If you
[info] have a build process for your assets, use your build's output directory.
[info] 
